Using pre-set license

 COMMAND LINE ARGUMENTS:
/Applications/Unity/Hub/Editor/2020.2.4f1/Unity.app/Contents/MacOS/Unity
-adb2
-batchMode
-noUpm
-name
AssetImportWorker0
-projectPath
/Users/manu/Documents/GitHub/SI_template/SI_template
-logFile
Logs/AssetImportWorker0.log
-srvPort
64180
Successfully changed project path to: /Users/manu/Documents/GitHub/SI_template/SI_template
/Users/manu/Documents/GitHub/SI_template/SI_template
Using Asset Import Pipeline V2.
Refreshing native plugins compatible for Editor in 70.77 ms, found 1 plugins.
Preloading 0 native plugins for Editor in 0.00 ms.
Initialize engine version: 2020.2.4f1 (becced5a802b)
[Subsystems] Discovering subsystems at path /Applications/Unity/Hub/Editor/2020.2.4f1/Unity.app/Contents/Resources/UnitySubsystems
[Subsystems] Discovering subsystems at path /Users/manu/Documents/GitHub/SI_template/SI_template/Assets
GfxDevice: creating device client; threaded=0
2024-05-02 20:08:28.350 Unity[72435:58820690] (null) preferred device: Apple M2 Pro (high power)
2024-05-02 20:08:28.350 Unity[72435:58820690] Metal devices available: 1
2024-05-02 20:08:28.350 Unity[72435:58820690] 0: Apple M2 Pro (high power)
2024-05-02 20:08:28.352 Unity[72435:58820690] Using device Apple M2 Pro (high power)
Initializing Metal device caps: Apple M2 Pro
Shader 'Universal Render Pipeline/Particles/Lit': fallback shader 'Universal Render Pipeline/Particles/SimpleLit' not found
Initialize mono
Mono path[0] = '/Applications/Unity/Hub/Editor/2020.2.4f1/Unity.app/Contents/Managed'
Mono path[1] = '/Applications/Unity/Hub/Editor/2020.2.4f1/Unity.app/Contents/MonoBleedingEdge/lib/mono/unityjit'
Mono config path = '/Applications/Unity/Hub/Editor/2020.2.4f1/Unity.app/Contents/MonoBleedingEdge/etc'
Using monoOptions --debugger-agent=transport=dt_socket,embedding=1,server=y,suspend=n,address=127.0.0.1:56435
Begin MonoManager ReloadAssembly
Registering precompiled unity dll's ...
Register platform support module: /Applications/Unity/Hub/Editor/2020.2.4f1/Unity.app/Contents/PlaybackEngines/MacStandaloneSupport/UnityEditor.OSXStandalone.Extensions.dll
Register platform support module: /Applications/Unity/Hub/Editor/2020.2.4f1/PlaybackEngines/WindowsStandaloneSupport/UnityEditor.WindowsStandalone.Extensions.dll
Registered in 0.001331 seconds.
Native extension for WindowsStandalone target not found
Native extension for OSXStandalone target not found
Refreshing native plugins compatible for Editor in 68.83 ms, found 1 plugins.
Preloading 0 native plugins for Editor in 0.00 ms.
Invoked RoslynAnalysisRunner static constructor.
RoslynAnalysisRunner will not be running.
RoslynAnalysisRunner has terminated.
Mono: successfully reloaded assembly
- Completed reload, in  1.883 seconds
Platform modules already initialized, skipping
Registering precompiled user dll's ...
Registered in 0.003513 seconds.
Begin MonoManager ReloadAssembly
Native extension for WindowsStandalone target not found
Native extension for OSXStandalone target not found
Refreshing native plugins compatible for Editor in 78.21 ms, found 1 plugins.
Preloading 0 native plugins for Editor in 0.00 ms.
Invoked RoslynAnalysisRunner static constructor.
RoslynAnalysisRunner will not be running.
RoslynAnalysisRunner has terminated.
Mono: successfully reloaded assembly
- Completed reload, in  2.579 seconds
Platform modules already initialized, skipping
========================================================================
Worker process is ready to serve import requests
Shader 'Universal Render Pipeline/Particles/Lit': fallback shader 'Universal Render Pipeline/Particles/SimpleLit' not found
Launching external process: /Applications/Unity/Hub/Editor/2020.2.4f1/Unity.app/Contents/Tools/UnityShaderCompiler
Launched and connected shader compiler UnityShaderCompiler after 0.05 seconds
Refreshing native plugins compatible for Editor in 0.77 ms, found 1 plugins.
Preloading 0 native plugins for Editor in 0.00 ms.
Unloading 3800 Unused Serialized files (Serialized files now loaded: 0)
System memory in use before: 186.4 MB.
System memory in use after: 186.6 MB.

Unloading 15 unused Assets to reduce memory usage. Loaded Objects now: 4245.
Total: 2.847875 ms (FindLiveObjects: 0.621541 ms CreateObjectMapping: 0.083458 ms MarkObjects: 2.046625 ms  DeleteObjects: 0.095250 ms)

========================================================================
Received Import Request.
  path: Assets/Scenes
  artifactKey: Guid(3bf83be0ad15e1e48b084aa1f1846f32) Importer(815301076,1909f56bfc062723c751e8b465ee728b)
Start importing Assets/Scenes using Guid(3bf83be0ad15e1e48b084aa1f1846f32) Importer(815301076,1909f56bfc062723c751e8b465ee728b)  -> (artifact id: '8934ba27de0d879d9bb6109beaf2cf6b') in 0.009604 seconds
  Import took 0.016273 seconds .

========================================================================
Received Import Request.
  Time since last request: 0.000403 seconds.
  path: Assets/Scenes/Scene.unity
  artifactKey: Guid(7caa62cc387295b4f914c27933b17bf5) Importer(815301076,1909f56bfc062723c751e8b465ee728b)
Start importing Assets/Scenes/Scene.unity using Guid(7caa62cc387295b4f914c27933b17bf5) Importer(815301076,1909f56bfc062723c751e8b465ee728b)  -> (artifact id: '49ccc6bca4c7088a4643065192268712') in 0.014903 seconds
  Import took 0.020410 seconds .

